18:04:39 **** Incremental Build of configuration Debug for project 003TaskMonitor_tast ****
make -j8 all 
arm-none-eabi-gcc "../Core/Src/main.c" -mcpu=cortex-m4 -std=gnu11 -g3 -DDEBUG -DUSE_HAL_DRIVER -DSTM32F407xx -c -I../Core/Inc -I../Drivers/STM32F4xx_HAL_Driver/Inc -I../Drivers/STM32F4xx_HAL_Driver/Inc/Legacy -I../Drivers/CMSIS/Device/ST/STM32F4xx/Include -I../Drivers/CMSIS/Include -I"D:/STM32Workspace/RTOS_workspace/common/ThirdParty/FreeRTOS" -I"D:/STM32Workspace/RTOS_workspace/common/ThirdParty/FreeRTOS/include" -I"D:/STM32Workspace/RTOS_workspace/common/ThirdParty/FreeRTOS/portable/GCC/ARM_CM4F" -I"D:/STM32Workspace/RTOS_workspace/common/ThirdParty/SEGGER/Config" -I"D:/STM32Workspace/RTOS_workspace/common/ThirdParty/SEGGER/OS" -I"D:/STM32Workspace/RTOS_workspace/common/ThirdParty/SEGGER/SEGGER" -I../USB_HOST/App -I../USB_HOST/Target -I../Middlewares/ST/STM32_USB_Host_Library/Core/Inc -I../Middlewares/ST/STM32_USB_Host_Library/Class/CDC/Inc -O0 -ffunction-sections -fdata-sections -Wall -fstack-usage -MMD -MP -MF"Core/Src/main.d" -MT"Core/Src/main.o" --specs=nano.specs -mfpu=fpv4-sp-d16 -mfloat-abi=hard -mthumb -o "Core/Src/main.o"
arm-none-eabi-gcc -o "003TaskMonitor_tast.elf" @"objects.list"   -mcpu=cortex-m4 -T"D:\STM32Workspace\RTOS_workspace\003TaskMonitor_tast\STM32F407VGTX_FLASH.ld" --specs=nosys.specs -Wl,-Map="003TaskMonitor_tast.map" -Wl,--gc-sections -static --specs=nano.specs -mfpu=fpv4-sp-d16 -mfloat-abi=hard -mthumb -Wl,--start-group -lc -lm -Wl,--end-group
c:\st\stm32cubeide_1.8.0\stm32cubeide\plugins\com.st.stm32cube.ide.mcu.externaltools.gnu-tools-for-stm32.9-2020-q2-update.win32_2.0.0.202105311346\tools\arm-none-eabi\bin\ld.exe: ./Core/Src/main.o: in function `main':
D:/STM32Workspace/RTOS_workspace/003TaskMonitor_tast/Debug/../Core/Src/main.c:189: undefined reference to `xTaskCreate'
c:\st\stm32cubeide_1.8.0\stm32cubeide\plugins\com.st.stm32cube.ide.mcu.externaltools.gnu-tools-for-stm32.9-2020-q2-update.win32_2.0.0.202105311346\tools\arm-none-eabi\bin\ld.exe: D:/STM32Workspace/RTOS_workspace/003TaskMonitor_tast/Debug/../Core/Src/main.c:191: undefined reference to `xTaskCreate'
c:\st\stm32cubeide_1.8.0\stm32cubeide\plugins\com.st.stm32cube.ide.mcu.externaltools.gnu-tools-for-stm32.9-2020-q2-update.win32_2.0.0.202105311346\tools\arm-none-eabi\bin\ld.exe: D:/STM32Workspace/RTOS_workspace/003TaskMonitor_tast/Debug/../Core/Src/main.c:193: undefined reference to `xTaskCreate'
c:\st\stm32cubeide_1.8.0\stm32cubeide\plugins\com.st.stm32cube.ide.mcu.externaltools.gnu-tools-for-stm32.9-2020-q2-update.win32_2.0.0.202105311346\tools\arm-none-eabi\bin\ld.exe: D:/STM32Workspace/RTOS_workspace/003TaskMonitor_tast/Debug/../Core/Src/main.c:195: undefined reference to `xTaskCreate'
c:\st\stm32cubeide_1.8.0\stm32cubeide\plugins\com.st.stm32cube.ide.mcu.externaltools.gnu-tools-for-stm32.9-2020-q2-update.win32_2.0.0.202105311346\tools\arm-none-eabi\bin\ld.exe: D:/STM32Workspace/RTOS_workspace/003TaskMonitor_tast/Debug/../Core/Src/main.c:201: undefined reference to `vTaskStartScheduler'
c:\st\stm32cubeide_1.8.0\stm32cubeide\plugins\com.st.stm32cube.ide.mcu.externaltools.gnu-tools-for-stm32.9-2020-q2-update.win32_2.0.0.202105311346\tools\arm-none-eabi\bin\ld.exe: ./Core/Src/main.o: in function `Red_LED_App':
D:/STM32Workspace/RTOS_workspace/003TaskMonitor_tast/Debug/../Core/Src/main.c:497: undefined reference to `vTaskDelay'
c:\st\stm32cubeide_1.8.0\stm32cubeide\plugins\com.st.stm32cube.ide.mcu.externaltools.gnu-tools-for-stm32.9-2020-q2-update.win32_2.0.0.202105311346\tools\arm-none-eabi\bin\ld.exe: ./Core/Src/main.o: in function `Green_LED_App':
D:/STM32Workspace/RTOS_workspace/003TaskMonitor_tast/Debug/../Core/Src/main.c:506: undefined reference to `vTaskDelay'
c:\st\stm32cubeide_1.8.0\stm32cubeide\plugins\com.st.stm32cube.ide.mcu.externaltools.gnu-tools-for-stm32.9-2020-q2-update.win32_2.0.0.202105311346\tools\arm-none-eabi\bin\ld.exe: ./Core/Src/main.o: in function `Delay_App':
D:/STM32Workspace/RTOS_workspace/003TaskMonitor_tast/Debug/../Core/Src/main.c:521: undefined reference to `vTaskDelay'
c:\st\stm32cubeide_1.8.0\stm32cubeide\plugins\com.st.stm32cube.ide.mcu.externaltools.gnu-tools-for-stm32.9-2020-q2-update.win32_2.0.0.202105311346\tools\arm-none-eabi\bin\ld.exe: ./Core/Src/main.o: in function `TaskMonitor_App':
D:/STM32Workspace/RTOS_workspace/003TaskMonitor_tast/Debug/../Core/Src/main.c:528: undefined reference to `vTaskDelay'
collect2.exe: error: ld returned 1 exit status
make: *** [makefile:68: 003TaskMonitor_tast.elf] Error 1
"make -j8 all" terminated with exit code 2. Build might be incomplete.

18:04:40 Build Failed. 15 errors, 0 warnings. (took 1s.602ms)

